c:\users\trist\onedrive\documents\programming\visual studio\projects\astro engine\astroengine\debug\vc142.pdb
c:\users\trist\onedrive\documents\programming\visual studio\projects\astro engine\astroengine\debug\vc142.idb
c:\users\trist\onedrive\documents\programming\visual studio\projects\astro engine\astroengine\debug\window.obj
c:\users\trist\onedrive\documents\programming\visual studio\projects\astro engine\astroengine\debug\state_paused.obj
c:\users\trist\onedrive\documents\programming\visual studio\projects\astro engine\astroengine\debug\state_mainmenu.obj
c:\users\trist\onedrive\documents\programming\visual studio\projects\astro engine\astroengine\debug\state_intro.obj
c:\users\trist\onedrive\documents\programming\visual studio\projects\astro engine\astroengine\debug\state_game.obj
c:\users\trist\onedrive\documents\programming\visual studio\projects\astro engine\astroengine\debug\statemanager.obj
c:\users\trist\onedrive\documents\programming\visual studio\projects\astro engine\astroengine\debug\spritesheet.obj
c:\users\trist\onedrive\documents\programming\visual studio\projects\astro engine\astroengine\debug\main.obj
c:\users\trist\onedrive\documents\programming\visual studio\projects\astro engine\astroengine\debug\game.obj
c:\users\trist\onedrive\documents\programming\visual studio\projects\astro engine\astroengine\debug\eventmanager.obj
c:\users\trist\onedrive\documents\programming\visual studio\projects\astro engine\astroengine\debug\entitymanager.obj
c:\users\trist\onedrive\documents\programming\visual studio\projects\astro engine\astroengine\debug\entitybase.obj
c:\users\trist\onedrive\documents\programming\visual studio\projects\astro engine\astroengine\debug\anim_standard.obj
c:\users\trist\onedrive\documents\programming\visual studio\projects\astro engine\astroengine\debug\anim_directional.obj
c:\users\trist\onedrive\documents\programming\visual studio\projects\astro engine\astroengine\debug\anim_base.obj
c:\users\trist\onedrive\documents\programming\visual studio\projects\astro engine\astroengine\debug\testcharacter.obj
c:\users\trist\onedrive\documents\programming\visual studio\projects\astro engine\debug\astroengine.exe
c:\users\trist\onedrive\documents\programming\visual studio\projects\astro engine\debug\astroengine.ilk
c:\users\trist\onedrive\documents\programming\visual studio\projects\astro engine\debug\astroengine.pdb
c:\users\trist\onedrive\documents\programming\visual studio\projects\astro engine\astroengine\debug\astroengine.tlog\cl.command.1.tlog
c:\users\trist\onedrive\documents\programming\visual studio\projects\astro engine\astroengine\debug\astroengine.tlog\cl.read.1.tlog
c:\users\trist\onedrive\documents\programming\visual studio\projects\astro engine\astroengine\debug\astroengine.tlog\cl.write.1.tlog
c:\users\trist\onedrive\documents\programming\visual studio\projects\astro engine\astroengine\debug\astroengine.tlog\link.command.1.tlog
c:\users\trist\onedrive\documents\programming\visual studio\projects\astro engine\astroengine\debug\astroengine.tlog\link.read.1.tlog
c:\users\trist\onedrive\documents\programming\visual studio\projects\astro engine\astroengine\debug\astroengine.tlog\link.write.1.tlog
